c:\users\bkimb\documents\github\racecar\build\racecar.dir\release\car.obj
c:\users\bkimb\documents\github\racecar\build\racecar.dir\release\beziershape.obj
c:\users\bkimb\documents\github\racecar\build\racecar.dir\release\beziercurve.obj
c:\users\bkimb\documents\github\racecar\build\racecar.dir\release\track.obj
c:\users\bkimb\documents\github\racecar\build\racecar.dir\release\background.obj
c:\users\bkimb\documents\github\racecar\build\racecar.dir\release\main.obj
c:\users\bkimb\documents\github\racecar\build\cmakefiles\generate.stamp
c:\users\bkimb\documents\github\racecar\build\release\racecar.exe
c:\users\bkimb\documents\github\racecar\build\release\sfml-graphics-3.dll
c:\users\bkimb\documents\github\racecar\build\release\sfml-window-3.dll
c:\users\bkimb\documents\github\racecar\build\release\sfml-system-3.dll
c:\users\bkimb\documents\github\racecar\build\release\freetype.dll
c:\users\bkimb\documents\github\racecar\build\release\zlib1.dll
c:\users\bkimb\documents\github\racecar\build\release\bz2.dll
c:\users\bkimb\documents\github\racecar\build\release\libpng16.dll
c:\users\bkimb\documents\github\racecar\build\release\brotlidec.dll
c:\users\bkimb\documents\github\racecar\build\release\brotlicommon.dll
c:\users\bkimb\documents\github\racecar\build\racecar.dir\release\racecar.tlog\cl.command.1.tlog
c:\users\bkimb\documents\github\racecar\build\racecar.dir\release\racecar.tlog\cl.items.tlog
c:\users\bkimb\documents\github\racecar\build\racecar.dir\release\racecar.tlog\cl.read.1.tlog
c:\users\bkimb\documents\github\racecar\build\racecar.dir\release\racecar.tlog\cl.write.1.tlog
c:\users\bkimb\documents\github\racecar\build\racecar.dir\release\racecar.tlog\custombuild.command.1.tlog
c:\users\bkimb\documents\github\racecar\build\racecar.dir\release\racecar.tlog\custombuild.read.1.tlog
c:\users\bkimb\documents\github\racecar\build\racecar.dir\release\racecar.tlog\custombuild.write.1.tlog
c:\users\bkimb\documents\github\racecar\build\racecar.dir\release\racecar.tlog\link.command.1.tlog
c:\users\bkimb\documents\github\racecar\build\racecar.dir\release\racecar.tlog\link.read.1.tlog
c:\users\bkimb\documents\github\racecar\build\racecar.dir\release\racecar.tlog\link.secondary.1.tlog
c:\users\bkimb\documents\github\racecar\build\racecar.dir\release\racecar.tlog\link.write.1.tlog
c:\users\bkimb\documents\github\racecar\build\racecar.dir\release\racecar.tlog\racecar.write.1u.tlog
